<?xml version="1.0" encoding="UTF-8"?>
<!-- Generated by org.testng.reporters.JUnitReportReporter -->
<testsuite hostname="smartsubbi-PC" name="TestCases.ExtentManager" tests="1" failures="0" timestamp="18 Oct 2015 17:45:43 GMT" time="0.000" errors="0">
  <testcase name="fileNameTester" time="0.000" classname="TestCases.ExtentManager"/>
</testsuite> <!-- TestCases.ExtentManager -->
