<?xml version="1.0" encoding="UTF-8"?>
<!-- Generated by org.testng.reporters.JUnitReportReporter -->
<testsuite hostname="smartsubbi-PC" name="TestCases.VerifyLogin" tests="1" failures="0" timestamp="18 Oct 2015 15:38:50 GMT" time="42.423" errors="0">
  <testcase name="ValidAuthorisedPlayerLogin" time="42.423" classname="TestCases.VerifyLogin"/>
</testsuite> <!-- TestCases.VerifyLogin -->
