<?xml version="1.0" encoding="UTF-8"?>
<!-- Generated by org.testng.reporters.JUnitReportReporter -->
<testsuite hostname="smartsubbi-PC" name="TestCases.TestCase3" tests="1" failures="0" timestamp="18 Oct 2015 17:50:00 GMT" time="51.321" errors="0">
  <testcase name="ValidNonAuthorisedParentLogin" time="51.321" classname="TestCases.TestCase3"/>
</testsuite> <!-- TestCases.TestCase3 -->
