<?xml version="1.0" encoding="UTF-8"?>
<!-- Generated by org.testng.reporters.JUnitReportReporter -->
<testsuite hostname="smartsubbi-PC" name="TestCases.TestCase5" tests="1" failures="0" timestamp="18 Oct 2015 19:32:01 GMT" time="129.581" errors="0">
  <testcase name="ValidNonAuthorisedPlayerLogin" time="129.581" classname="TestCases.TestCase5"/>
</testsuite> <!-- TestCases.TestCase5 -->
