<?xml version="1.0" encoding="UTF-8"?>
<!-- Generated by org.testng.reporters.JUnitReportReporter -->
<testsuite hostname="smartsubbi-PC" name="UnitTest.ConfigDataProviderUnitTest" tests="2" failures="0" timestamp="17 Oct 2015 06:14:12 GMT" time="0.000" errors="0">
  <testcase name="testGetChromePath" time="0.000" classname="UnitTest.ConfigDataProviderUnitTest"/>
  <testcase name="testGetIePath" time="0.000" classname="UnitTest.ConfigDataProviderUnitTest"/>
</testsuite> <!-- UnitTest.ConfigDataProviderUnitTest -->
