<?xml version="1.0" encoding="UTF-8"?>
<!-- Generated by org.testng.reporters.JUnitReportReporter -->
<testsuite hostname="smartsubbi-PC" name="UnitTest.ExcelDataProviderUnitTest" tests="1" failures="0" timestamp="18 Oct 2015 09:33:59 GMT" time="0.540" errors="0">
  <testcase name="testExcelDataProvider" time="0.540" classname="UnitTest.ExcelDataProviderUnitTest"/>
</testsuite> <!-- UnitTest.ExcelDataProviderUnitTest -->
