<?xml version="1.0" encoding="UTF-8"?>
<!-- Generated by org.testng.reporters.JUnitReportReporter -->
<testsuite hostname="smartsubbi-PC" name="UnitTest.DataProviderUnitTest" tests="2" failures="0" timestamp="15 Oct 2015 17:28:55 GMT" time="0.493" errors="0">
  <testcase name="testConfigDataProvider" time="0.016" classname="UnitTest.DataProviderUnitTest"/>
  <testcase name="testExcelDataProvider" time="0.477" classname="UnitTest.DataProviderUnitTest"/>
</testsuite> <!-- UnitTest.DataProviderUnitTest -->
