<?xml version="1.0" encoding="UTF-8"?>
<!-- Generated by org.testng.reporters.JUnitReportReporter -->
<testsuite hostname="smartsubbi-PC" name="TestCases.TestCase2" tests="1" failures="0" timestamp="18 Oct 2015 17:50:00 GMT" time="46.278" errors="0">
  <testcase name="ValidAuthorisedParentLogin" time="46.278" classname="TestCases.TestCase2"/>
</testsuite> <!-- TestCases.TestCase2 -->
