<?xml version="1.0" encoding="UTF-8"?>
<!-- Generated by org.testng.reporters.JUnitReportReporter -->
<testsuite hostname="smartsubbi-PC" name="UnitTest.BrowserFactoryUnitTest" tests="3" failures="0" timestamp="17 Oct 2015 06:14:12 GMT" time="11.888" errors="0">
  <testcase name="getChromeDriverUnitTest" time="2.908" classname="UnitTest.BrowserFactoryUnitTest"/>
  <testcase name="getInternetExplorerDriverUnitTest" time="3.654" classname="UnitTest.BrowserFactoryUnitTest"/>
  <testcase name="getFirefoxDriverUnitTest" time="5.326" classname="UnitTest.BrowserFactoryUnitTest"/>
</testsuite> <!-- UnitTest.BrowserFactoryUnitTest -->
