<?xml version="1.0" encoding="UTF-8"?>
<!-- Generated by org.testng.reporters.JUnitReportReporter -->
<testsuite hostname="smartsubbi-PC" name="TestCases.CreateUser" tests="1" failures="0" timestamp="18 Oct 2015 11:52:34 GMT" time="14.281" errors="0">
  <testcase name="createNewPlayerID" time="14.281" classname="TestCases.CreateUser"/>
</testsuite> <!-- TestCases.CreateUser -->
