<?xml version="1.0" encoding="UTF-8"?>
<!-- Generated by org.testng.reporters.JUnitReportReporter -->
<testsuite hostname="smartsubbi-PC" name="TestCases.TestCase5" tests="1" failures="0" timestamp="19 Oct 2015 15:30:43 GMT" time="111.091" errors="0">
  <testcase name="ValidNonAuthorisedPlayerLogin" time="111.091" classname="TestCases.TestCase5"/>
</testsuite> <!-- TestCases.TestCase5 -->
