<?xml version="1.0" encoding="UTF-8"?>
<!-- Generated by org.testng.reporters.JUnitReportReporter -->
<testsuite hostname="smartsubbi-PC" name="UnitTest.ConfigDataProviderFactoryUnitTest" tests="1" failures="0" timestamp="17 Oct 2015 06:14:12 GMT" time="0.010" errors="0">
  <testcase name="getConfigObject" time="0.010" classname="UnitTest.ConfigDataProviderFactoryUnitTest"/>
</testsuite> <!-- UnitTest.ConfigDataProviderFactoryUnitTest -->
