<?xml version="1.0" encoding="UTF-8"?>
<!-- Generated by org.testng.reporters.JUnitReportReporter -->
<testsuite hostname="smartsubbi-PC" name="UnitTest.ExcelDataProviderFactoryUnitTest" tests="1" failures="0" timestamp="17 Oct 2015 06:14:12 GMT" time="0.020" errors="0">
  <testcase name="getExcelObject" time="0.020" classname="UnitTest.ExcelDataProviderFactoryUnitTest"/>
</testsuite> <!-- UnitTest.ExcelDataProviderFactoryUnitTest -->
