<?xml version="1.0" encoding="UTF-8"?>
<!-- Generated by org.testng.reporters.JUnitReportReporter -->
<testsuite hostname="smartsubbi-PC" name="TestCases.TC1" tests="1" failures="0" timestamp="18 Oct 2015 16:31:19 GMT" time="9.874" errors="0">
  <testcase name="OpenAUT" time="9.874" classname="TestCases.TC1"/>
</testsuite> <!-- TestCases.TC1 -->
